  HOSTCC  scripts/basic/fixdep
  HOSTCC  scripts/kconfig/conf.o
  YACC    scripts/kconfig/zconf.tab.c
  LEX     scripts/kconfig/zconf.lex.c
  HOSTCC  scripts/kconfig/zconf.tab.o
  HOSTLD  scripts/kconfig/conf
#
# configuration written to .config
#
scripts/kconfig/conf  --syncconfig Kconfig
  CHK     include/config.h
  UPD     include/config.h
  CFG     u-boot.cfg
  GEN     include/autoconf.mk
  GEN     include/autoconf.mk.dep
  CHK     include/config/uboot.release
  UPD     include/config/uboot.release
  CHK     include/generated/version_autogenerated.h
  UPD     include/generated/version_autogenerated.h
  CHK     include/generated/timestamp_autogenerated.h
  UPD     include/generated/timestamp_autogenerated.h
  CC      lib/asm-offsets.s
  CHK     include/generated/generic-asm-offsets.h
  UPD     include/generated/generic-asm-offsets.h
  CC      arch/arm/lib/asm-offsets.s
  CHK     include/generated/asm-offsets.h
  UPD     include/generated/asm-offsets.h
  HOSTCC  scripts/dtc/dtc.o
  HOSTCC  scripts/dtc/flattree.o
  HOSTCC  scripts/dtc/fstree.o
  HOSTCC  scripts/dtc/data.o
  HOSTCC  scripts/dtc/livetree.o
  HOSTCC  scripts/dtc/treesource.o
  HOSTCC  scripts/dtc/srcpos.o
  HOSTCC  scripts/dtc/checks.o
  HOSTCC  scripts/dtc/util.o
  LEX     scripts/dtc/dtc-lexer.lex.c
  YACC    scripts/dtc/dtc-parser.tab.h
  HOSTCC  scripts/dtc/dtc-lexer.lex.o
  YACC    scripts/dtc/dtc-parser.tab.c
  HOSTCC  scripts/dtc/dtc-parser.tab.o
  HOSTLD  scripts/dtc/dtc
  HOSTCC  tools/gen_eth_addr
  HOSTCC  tools/gen_ethaddr_crc.o
  WRAP    tools/lib/crc8.c
tools/Makefile:226: warning: pattern recipe did not update peer target 'tools/env/crc8.c'.
tools/Makefile:226: warning: pattern recipe did not update peer target 'tools/common/crc8.c'.
  HOSTCC  tools/lib/crc8.o
  HOSTLD  tools/gen_ethaddr_crc
  HOSTCC  tools/img2srec
  HOSTCC  tools/mkenvimage.o
  HOSTCC  tools/os_support.o
  WRAP    tools/lib/crc32.c
tools/Makefile:226: warning: pattern recipe did not update peer target 'tools/common/crc32.c'.
  HOSTCC  tools/lib/crc32.o
  HOSTLD  tools/mkenvimage
  HOSTCC  tools/aisimage.o
  HOSTCC  tools/atmelimage.o
  HOSTCC  tools/fit_common.o
  HOSTCC  tools/fit_image.o
  HOSTCC  tools/image-host.o
  WRAP    tools/common/image-fit.c
tools/Makefile:226: warning: pattern recipe did not update peer target 'tools/env/image-fit.c'.
tools/Makefile:226: warning: pattern recipe did not update peer target 'tools/lib/image-fit.c'.
  HOSTCC  tools/common/image-fit.o
In file included from tools/common/image-fit.c:1:
./tools/../common/image-fit.c: In function 'fit_image_get_data_and_size':
./tools/../common/image-fit.c:990:23: warning: 'len' may be used uninitialized [-Wmaybe-uninitialized]
  990 |                 *size = len;
      |                 ~~~~~~^~~~~
./tools/../common/image-fit.c:971:13: note: 'len' was declared here
  971 |         int len;
      |             ^~~
  WRAP    tools/common/bootm.c
tools/Makefile:226: warning: pattern recipe did not update peer target 'tools/env/bootm.c'.
tools/Makefile:226: warning: pattern recipe did not update peer target 'tools/lib/bootm.c'.
  HOSTCC  tools/common/bootm.o
  HOSTCC  tools/default_image.o
In file included from tools/default_image.c:20:
In function 'image_set_name',
    inlined from 'image_set_header' at tools/default_image.c:134:2:
include/image.h:808:9: warning: 'strncpy' specified bound 32 equals destination size [-Wstringop-truncation]
  808 |         strncpy(image_get_name(hdr), name, IH_NMLEN);
      |         ^~~~~~~~~~~~~~~~~~~~~~~~~~~~~~~~~~~~~~~~~~~~
  WRAP    tools/lib/fdtdec_common.c
tools/Makefile:226: warning: pattern recipe did not update peer target 'tools/env/fdtdec_common.c'.
tools/Makefile:226: warning: pattern recipe did not update peer target 'tools/common/fdtdec_common.c'.
  HOSTCC  tools/lib/fdtdec_common.o
  WRAP    tools/lib/fdtdec.c
tools/Makefile:226: warning: pattern recipe did not update peer target 'tools/env/fdtdec.c'.
tools/Makefile:226: warning: pattern recipe did not update peer target 'tools/common/fdtdec.c'.
  HOSTCC  tools/lib/fdtdec.o
  WRAP    tools/common/image.c
tools/Makefile:226: warning: pattern recipe did not update peer target 'tools/env/image.c'.
tools/Makefile:226: warning: pattern recipe did not update peer target 'tools/lib/image.c'.
  HOSTCC  tools/common/image.o
  HOSTCC  tools/imagetool.o
  HOSTCC  tools/imximage.o
  HOSTCC  tools/imx8image.o
tools/imx8image.c: In function 'copy_file.constprop':
tools/imx8image.c:413:21: warning: 'write' reading 5 bytes from a region of size 4 [-Wstringop-overread]
  413 |                 if (write(ifd, (char *)&zero, 4 - tail) != 4 - tail) {
      |                     ^~~~~~~~~~~~~~~~~~~~~~~~~~~~~~~~~~~
tools/imx8image.c:367:13: note: source object 'zero' of size 4
  367 |         int zero = 0;
      |             ^~~~
In file included from ./tools/imagetool.h:21,
                 from include/imx8image.h:13,
                 from tools/imx8image.c:8:
/usr/include/unistd.h:378:16: note: in a call to function 'write' declared with attribute 'access (read_only, 2, 3)'
  378 | extern ssize_t write (int __fd, const void *__buf, size_t __n) __wur
      |                ^~~~~
tools/imx8image.c:413:21: warning: 'write' reading 5 bytes from a region of size 4 [-Wstringop-overread]
  413 |                 if (write(ifd, (char *)&zero, 4 - tail) != 4 - tail) {
      |                     ^~~~~~~~~~~~~~~~~~~~~~~~~~~~~~~~~~~
tools/imx8image.c:367:13: note: source object 'zero' of size 4
  367 |         int zero = 0;
      |             ^~~~
/usr/include/unistd.h:378:16: note: in a call to function 'write' declared with attribute 'access (read_only, 2, 3)'
  378 | extern ssize_t write (int __fd, const void *__buf, size_t __n) __wur
      |                ^~~~~
  HOSTCC  tools/imx8mimage.o
tools/imx8mimage.c: In function 'copy_file.constprop':
tools/imx8mimage.c:293:21: warning: 'write' reading 5 bytes from a region of size 4 [-Wstringop-overread]
  293 |                 if (write(ifd, (char *)&zero, 4 - tail) != 4 - tail) {
      |                     ^~~~~~~~~~~~~~~~~~~~~~~~~~~~~~~~~~~
tools/imx8mimage.c:251:13: note: source object 'zero' of size 4
  251 |         int zero = 0;
      |             ^~~~
In file included from tools/imagetool.h:21,
                 from tools/imx8mimage.c:9:
/usr/include/unistd.h:378:16: note: in a call to function 'write' declared with attribute 'access (read_only, 2, 3)'
  378 | extern ssize_t write (int __fd, const void *__buf, size_t __n) __wur
      |                ^~~~~
  HOSTCC  tools/kwbimage.o
  WRAP    tools/lib/md5.c
tools/Makefile:226: warning: pattern recipe did not update peer target 'tools/env/md5.c'.
tools/Makefile:226: warning: pattern recipe did not update peer target 'tools/common/md5.c'.
  HOSTCC  tools/lib/md5.o
  HOSTCC  tools/lpc32xximage.o
  HOSTCC  tools/mxsimage.o
  HOSTCC  tools/omapimage.o
  HOSTCC  tools/pblimage.o
  HOSTCC  tools/pbl_crc32.o
  HOSTCC  tools/vybridimage.o
  HOSTCC  tools/stm32image.o
  WRAP    tools/lib/rc4.c
tools/Makefile:226: warning: pattern recipe did not update peer target 'tools/env/rc4.c'.
tools/Makefile:226: warning: pattern recipe did not update peer target 'tools/common/rc4.c'.
  HOSTCC  tools/lib/rc4.o
  HOSTCC  tools/rkcommon.o
  HOSTCC  tools/rkimage.o
  HOSTCC  tools/rksd.o
  HOSTCC  tools/rkspi.o
  HOSTCC  tools/socfpgaimage.o
  WRAP    tools/lib/crc16.c
tools/Makefile:226: warning: pattern recipe did not update peer target 'tools/env/crc16.c'.
tools/Makefile:226: warning: pattern recipe did not update peer target 'tools/common/crc16.c'.
  HOSTCC  tools/lib/crc16.o
  WRAP    tools/lib/sha1.c
tools/Makefile:226: warning: pattern recipe did not update peer target 'tools/env/sha1.c'.
tools/Makefile:226: warning: pattern recipe did not update peer target 'tools/common/sha1.c'.
  HOSTCC  tools/lib/sha1.o
  WRAP    tools/lib/sha256.c
tools/Makefile:226: warning: pattern recipe did not update peer target 'tools/env/sha256.c'.
tools/Makefile:226: warning: pattern recipe did not update peer target 'tools/common/sha256.c'.
  HOSTCC  tools/lib/sha256.o
  WRAP    tools/common/hash.c
tools/Makefile:226: warning: pattern recipe did not update peer target 'tools/env/hash.c'.
tools/Makefile:226: warning: pattern recipe did not update peer target 'tools/lib/hash.c'.
  HOSTCC  tools/common/hash.o
  HOSTCC  tools/ublimage.o
  HOSTCC  tools/zynqimage.o
  HOSTCC  tools/zynqmpimage.o
  HOSTCC  tools/zynqmpbif.o
  HOSTCC  tools/libfdt/fdt.o
  HOSTCC  tools/libfdt/fdt_wip.o
  HOSTCC  tools/libfdt/fdt_sw.o
  HOSTCC  tools/libfdt/fdt_rw.o
  HOSTCC  tools/libfdt/fdt_strerror.o
  HOSTCC  tools/libfdt/fdt_empty_tree.o
  HOSTCC  tools/libfdt/fdt_addresses.o
  HOSTCC  tools/libfdt/fdt_overlay.o
  WRAP    tools/lib/libfdt/fdt_ro.c
tools/Makefile:226: warning: pattern recipe did not update peer target 'tools/env/libfdt/fdt_ro.c'.
tools/Makefile:226: warning: pattern recipe did not update peer target 'tools/common/libfdt/fdt_ro.c'.
  HOSTCC  tools/lib/libfdt/fdt_ro.o
  WRAP    tools/lib/libfdt/fdt_region.c
tools/Makefile:226: warning: pattern recipe did not update peer target 'tools/env/libfdt/fdt_region.c'.
tools/Makefile:226: warning: pattern recipe did not update peer target 'tools/common/libfdt/fdt_region.c'.
  HOSTCC  tools/lib/libfdt/fdt_region.o
  HOSTCC  tools/gpimage.o
  HOSTCC  tools/gpimage-common.o
  HOSTCC  tools/mtk_image.o
  HOSTCC  tools/dumpimage.o
  HOSTLD  tools/dumpimage
  HOSTCC  tools/mkimage.o
  HOSTLD  tools/mkimage
  HOSTCC  tools/mkexynosspl
  HOSTCC  tools/proftool
  HOSTCC  tools/fdtgrep.o
  HOSTLD  tools/fdtgrep
  HOSTCC  tools/spl_size_limit
  LD      arch/arm/cpu/built-in.o
  CC      arch/arm/cpu/armv7/s5p-common/cpu_info.o
  CC      arch/arm/cpu/armv7/s5p-common/timer.o
  CC      arch/arm/cpu/armv7/s5p-common/sromc.o
  CC      arch/arm/cpu/armv7/s5p-common/pwm.o
  LD      arch/arm/cpu/armv7/s5p-common/built-in.o
  CC      arch/arm/cpu/armv7/cache_v7.o
  AS      arch/arm/cpu/armv7/cache_v7_asm.o
  CC      arch/arm/cpu/armv7/cpu.o
  CC      arch/arm/cpu/armv7/cp15.o
  CC      arch/arm/cpu/armv7/syslib.o
  AS      arch/arm/cpu/armv7/sctlr.o
  LD      arch/arm/cpu/armv7/built-in.o
  AS      arch/arm/cpu/armv7/start.o
  AS      arch/arm/lib/vectors.o
  AS      arch/arm/lib/crt0.o
  AS      arch/arm/lib/setjmp.o
  AS      arch/arm/lib/relocate.o
  CC      arch/arm/lib/bootm-fdt.o
  CC      arch/arm/lib/bootm.o
  CC      arch/arm/lib/zimage.o
  AS      arch/arm/lib/memset.o
  AS      arch/arm/lib/memcpy.o
  CC      arch/arm/lib/sections.o
  CC      arch/arm/lib/stack.o
  CC      arch/arm/lib/interrupts.o
  CC      arch/arm/lib/reset.o
  CC      arch/arm/lib/cache.o
  CC      arch/arm/lib/cache-cp15.o
  CC      arch/arm/lib/psci-dt.o
  LD      arch/arm/lib/built-in.o
  AS      arch/arm/lib/ashldi3.o
  AS      arch/arm/lib/ashrdi3.o
  CC      arch/arm/lib/div0.o
  AS      arch/arm/lib/div64.o
  AS      arch/arm/lib/lib1funcs.o
  AS      arch/arm/lib/lshrdi3.o
  AS      arch/arm/lib/muldi3.o
  AS      arch/arm/lib/uldivmod.o
  AR      arch/arm/lib/lib.a
  CC      arch/arm/lib/eabi_compat.o
  AS      arch/arm/lib/crt0_arm_efi.o
  CC      arch/arm/lib/reloc_arm_efi.o
  CC      arch/arm/mach-exynos/soc.o
  CC      arch/arm/mach-exynos/clock.o
  CC      arch/arm/mach-exynos/pinmux.o
  CC      arch/arm/mach-exynos/power.o
  CC      arch/arm/mach-exynos/system.o
  AS      arch/arm/mach-exynos/sec_boot.o
  LD      arch/arm/mach-exynos/built-in.o
  CC      board/samsung/common/gadget.o
  CC      board/samsung/common/misc.o
  CC      board/samsung/common/board.o
  CC      board/samsung/common/exynos5-dt.o
  CC      board/samsung/common/exynos5-dt-types.o
  LD      board/samsung/common/built-in.o
  CC      board/samsung/smdk5420/smdk5420_spl.o
  LD      board/samsung/smdk5420/built-in.o
  LD      cmd/arm/built-in.o
  CC      cmd/boot.o
  CC      cmd/bootm.o
  CC      cmd/help.o
  CC      cmd/version.o
  CC      cmd/blk_common.o
  CC      cmd/source.o
  CC      cmd/bdinfo.o
  CC      cmd/blkcache.o
  CC      cmd/bootefi.o
  CC      cmd/bootz.o
  CC      cmd/cache.o
  CC      cmd/console.o
  CC      cmd/dm.o
  CC      cmd/echo.o
  CC      cmd/elf.o
  CC      cmd/exit.o
  CC      cmd/ext4.o
  CC      cmd/ext2.o
  CC      cmd/fat.o
  CC      cmd/fdt.o
  CC      cmd/flash.o
  CC      cmd/fs.o
  CC      cmd/gpio.o
  CC      cmd/i2c.o
  CC      cmd/hash.o
  CC      cmd/ini.o
  CC      cmd/itest.o
  CC      cmd/load.o
  CC      cmd/mem.o
  CC      cmd/mii.o
  CC      cmd/misc.o
  CC      cmd/mmc.o
  CC      cmd/legacy-mtd-utils.o
  CC      cmd/net.o
  CC      cmd/part.o
  CC      cmd/pxe.o
  CC      cmd/pxe_utils.o
  CC      cmd/sf.o
  CC      cmd/sysboot.o
  CC      cmd/time.o
  CC      cmd/test.o
  CC      cmd/usb.o
  CC      cmd/disk.o
  CC      cmd/usb_mass_storage.o
  CC      cmd/thordown.o
  CC      cmd/ximg.o
  CC      cmd/dfu.o
  CC      cmd/pmic.o
  CC      cmd/regulator.o
  CC      cmd/nvedit.o
  LD      cmd/built-in.o
  CC      common/init/board_init.o
  LD      common/init/built-in.o
  CC      common/main.o
  CC      common/exports.o
  CC      common/hash.o
  CC      common/cli_hush.o
  CC      common/autoboot.o
  CC      common/board_f.o
  CC      common/board_r.o
  CC      common/board_info.o
  CC      common/bootm.o
  CC      common/bootm_os.o
  CC      common/fdt_support.o
  CC      common/miiphyutil.o
  CC      common/usb.o
  CC      common/usb_hub.o
  CC      common/usb_storage.o
  CC      common/iomux.o
  CC      common/splash.o
  CC      common/menu.o
  CC      common/cli_readline.o
  CC      common/cli_simple.o
  CC      common/bouncebuf.o
  CC      common/console.o
  CC      common/dlmalloc.o
  CC      common/malloc_simple.o
  CC      common/image.o
  CC      common/image-fdt.o
  CC      common/image-fit.o
  CC      common/memsize.o
  CC      common/stdio.o
  CC      common/cli.o
  CC      common/dfu.o
  CC      common/command.o
  CC      common/s_record.o
  CC      common/xyzModem.o
  LD      common/built-in.o
  CC      disk/part.o
  CC      disk/part_dos.o
  CC      disk/part_iso.o
  CC      disk/part_efi.o
  LD      disk/built-in.o
  CC      drivers/adc/adc-uclass.o
  CC      drivers/adc/exynos-adc.o
  LD      drivers/adc/built-in.o
  LD      drivers/ata/built-in.o
  LD      drivers/axi/built-in.o
  CC      drivers/block/blk-uclass.o
  CC      drivers/block/blkcache.o
  LD      drivers/block/built-in.o
  LD      drivers/board/built-in.o
  LD      drivers/cache/built-in.o
  CC      drivers/core/device.o
  CC      drivers/core/fdtaddr.o
  CC      drivers/core/lists.o
  CC      drivers/core/root.o
  CC      drivers/core/uclass.o
  CC      drivers/core/util.o
  CC      drivers/core/device-remove.o
  CC      drivers/core/simple-bus.o
  CC      drivers/core/dump.o
  CC      drivers/core/of_extra.o
  CC      drivers/core/ofnode.o
  CC      drivers/core/read_extra.o
  LD      drivers/core/built-in.o
  CC      drivers/crypto/fsl/sec.o
  LD      drivers/crypto/fsl/built-in.o
  LD      drivers/crypto/rsa_mod_exp/built-in.o
  CC      drivers/crypto/ace_sha.o
  LD      drivers/crypto/built-in.o
  CC      drivers/dfu/dfu.o
  CC      drivers/dfu/dfu_mmc.o
  LD      drivers/dfu/built-in.o
  CC      drivers/input/key_matrix.o
  CC      drivers/input/input.o
  CC      drivers/input/keyboard-uclass.o
  LD      drivers/input/built-in.o
  LD      drivers/mailbox/built-in.o
  LD      drivers/memory/built-in.o
  LD      drivers/misc/built-in.o
  CC      drivers/mmc/mmc.o
  CC      drivers/mmc/mmc-uclass.o
  CC      drivers/mmc/mmc_write.o
  CC      drivers/mmc/mmc_boot.o
  CC      drivers/mmc/dw_mmc.o
  CC      drivers/mmc/exynos_dw_mmc.o
  LD      drivers/mmc/built-in.o
  LD      drivers/mtd/nand/built-in.o
  LD      drivers/mtd/onenand/built-in.o
  CC      drivers/mtd/spi/sf-uclass.o
  CC      drivers/mtd/spi/sf_probe.o
  CC      drivers/mtd/spi/spi-nor-ids.o
  CC      drivers/mtd/spi/spi-nor-core.o
  LD      drivers/mtd/spi/spi-nor.o
  LD      drivers/mtd/spi/built-in.o
  CC      drivers/mtd/mtdcore.o
  CC      drivers/mtd/mtd_uboot.o
  LD      drivers/mtd/mtd.o
  LD      drivers/mtd/built-in.o
  LD      drivers/phy/allwinner/built-in.o
  LD      drivers/phy/marvell/built-in.o
  LD      drivers/pwm/built-in.o
  LD      drivers/reset/built-in.o
  CC      drivers/rtc/rtc-lib.o
  LD      drivers/rtc/built-in.o
  LD      drivers/scsi/built-in.o
  LD      drivers/smem/built-in.o
  LD      drivers/soc/built-in.o
  LD      drivers/sound/built-in.o
  LD      drivers/spmi/built-in.o
  LD      drivers/thermal/built-in.o
  LD      drivers/ufs/built-in.o
  CC      drivers/video/bridge/video-bridge-uclass.o
  LD      drivers/video/bridge/built-in.o
  LD      drivers/video/sunxi/built-in.o
  LD      drivers/video/built-in.o
  CC      drivers/watchdog/s5p_wdt.o
  LD      drivers/watchdog/built-in.o
  LD      drivers/built-in.o
  LD      drivers/dma/ti/built-in.o
  LD      drivers/dma/built-in.o
  CC      drivers/gpio/gpio-uclass.o
  CC      drivers/gpio/s5p_gpio.o
  LD      drivers/gpio/built-in.o
  CC      drivers/i2c/i2c-uclass.o
  CC      drivers/i2c/s3c24x0_i2c.o
  CC      drivers/i2c/exynos_hs_i2c.o
  LD      drivers/i2c/built-in.o
  LD      drivers/net/mscc_eswitch/built-in.o
  LD      drivers/net/ti/built-in.o
  CC      drivers/net/smc911x.o
  LD      drivers/net/built-in.o
  LD      drivers/net/phy/built-in.o
  LD      drivers/power/built-in.o
  LD      drivers/power/battery/built-in.o
  LD      drivers/power/domain/built-in.o
  LD      drivers/power/fuel_gauge/built-in.o
  LD      drivers/power/mfd/built-in.o
  CC      drivers/power/pmic/pmic-uclass.o
  CC      drivers/power/pmic/s2mps11.o
  LD      drivers/power/pmic/built-in.o
  CC      drivers/power/regulator/regulator-uclass.o
  CC      drivers/power/regulator/s2mps11_regulator.o
  LD      drivers/power/regulator/built-in.o
  CC      drivers/serial/serial-uclass.o
  CC      drivers/serial/serial_s5p.o
  LD      drivers/serial/built-in.o
  CC      drivers/spi/spi-uclass.o
  CC      drivers/spi/spi-mem.o
  LD      drivers/spi/built-in.o
  LD      drivers/usb/cdns3/built-in.o
  CC      drivers/usb/common/common.o
  LD      drivers/usb/common/built-in.o
  CC      drivers/usb/dwc3/core.o
  LD      drivers/usb/dwc3/dwc3.o
  CC      drivers/usb/dwc3/gadget.o
  CC      drivers/usb/dwc3/ep0.o
  CC      drivers/usb/dwc3/samsung_usb_phy.o
  LD      drivers/usb/dwc3/built-in.o
  LD      drivers/usb/emul/built-in.o
  CC      drivers/usb/eth/usb_ether.o
  CC      drivers/usb/eth/asix.o
  CC      drivers/usb/eth/smsc95xx.o
  CC      drivers/usb/eth/r8152.o
  CC      drivers/usb/eth/r8152_fw.o
  LD      drivers/usb/eth/built-in.o
  CC      drivers/usb/gadget/epautoconf.o
  CC      drivers/usb/gadget/config.o
  CC      drivers/usb/gadget/usbstring.o
  CC      drivers/usb/gadget/g_dnl.o
  CC      drivers/usb/gadget/f_thor.o
  CC      drivers/usb/gadget/f_dfu.o
  CC      drivers/usb/gadget/f_mass_storage.o
  LD      drivers/usb/gadget/built-in.o
  CC      drivers/usb/gadget/udc/udc-core.o
  CC      drivers/usb/gadget/udc/udc-uclass.o
  LD      drivers/usb/gadget/udc/built-in.o
  CC      drivers/usb/host/usb-uclass.o
  CC      drivers/usb/host/ehci-hcd.o
  CC      drivers/usb/host/ehci-exynos.o
  CC      drivers/usb/host/xhci.o
  CC      drivers/usb/host/xhci-mem.o
  CC      drivers/usb/host/xhci-ring.o
  CC      drivers/usb/host/xhci-dwc3.o
  CC      drivers/usb/host/xhci-exynos5.o
  LD      drivers/usb/host/built-in.o
  LD      drivers/usb/musb-new/built-in.o
  LD      drivers/usb/musb/built-in.o
  LD      drivers/usb/phy/built-in.o
  LD      drivers/usb/ulpi/built-in.o
  CC      env/common.o
  CC      env/env.o
  CC      env/attr.o
  CC      env/callback.o
  CC      env/flags.o
  CC      env/mmc.o
  LD      env/built-in.o
  CC      fs/ext4/ext4fs.o
  CC      fs/ext4/ext4_common.o
  CC      fs/ext4/dev.o
  CC      fs/ext4/ext4_write.o
  CC      fs/ext4/ext4_journal.o
  CC      fs/ext4/crc16.o
  LD      fs/ext4/built-in.o
  CC      fs/fat/fat_write.o
  LD      fs/fat/built-in.o
  CC      fs/fs.o
  CC      fs/fs_internal.o
  LD      fs/built-in.o
  LD      lib/crypto/built-in.o
  CC      lib/efi_driver/efi_uclass.o
  CC      lib/efi_driver/efi_block_device.o
  LD      lib/efi_driver/built-in.o
  CC      lib/efi_loader/efi_freestanding.o
  CC      lib/efi_loader/efi_bootmgr.o
  CC      lib/efi_loader/efi_boottime.o
  CC      lib/efi_loader/efi_console.o
  CC      lib/efi_loader/efi_device_path.o
  CC      lib/efi_loader/efi_device_path_to_text.o
  CC      lib/efi_loader/efi_device_path_utilities.o
  CC      lib/efi_loader/efi_file.o
  CC      lib/efi_loader/efi_hii.o
  CC      lib/efi_loader/efi_hii_config.o
  CC      lib/efi_loader/efi_image_loader.o
  CC      lib/efi_loader/efi_memory.o
  CC      lib/efi_loader/efi_root_node.o
  CC      lib/efi_loader/efi_runtime.o
  CC      lib/efi_loader/efi_setup.o
  CC      lib/efi_loader/efi_unicode_collation.o
  CC      lib/efi_loader/efi_variable.o
  CC      lib/efi_loader/efi_watchdog.o
  CC      lib/efi_loader/efi_disk.o
  CC      lib/efi_loader/efi_net.o
  CC      lib/efi_loader/efi_smbios.o
  LD      lib/efi_loader/built-in.o
  CC      lib/efi_loader/helloworld.o
  AS      lib/efi_loader/efi_crt0.o
  CC      lib/efi_loader/efi_reloc.o
  LD      lib/efi_loader/helloworld_efi.so
  OBJCOPY lib/efi_loader/helloworld.efi
  CC      lib/libfdt/fdt.o
  CC      lib/libfdt/fdt_wip.o
  CC      lib/libfdt/fdt_strerror.o
  CC      lib/libfdt/fdt_sw.o
  CC      lib/libfdt/fdt_rw.o
  CC      lib/libfdt/fdt_empty_tree.o
  CC      lib/libfdt/fdt_addresses.o
  CC      lib/libfdt/fdt_overlay.o
  CC      lib/libfdt/fdt_ro.o
  CC      lib/libfdt/fdt_region.o
  LD      lib/libfdt/built-in.o
  CC      lib/zlib/zlib.o
  LD      lib/zlib/built-in.o
  CC      lib/charset.o
  CC      lib/crc7.o
  CC      lib/crc8.o
  CC      lib/crc16.o
  CC      lib/errno_str.o
  CC      lib/fdtdec_common.o
  CC      lib/smbios.o
  CC      lib/ldiv.o
  CC      lib/md5.o
  CC      lib/net_utils.o
  CC      lib/rc4.o
  CC      lib/list_sort.o
  CC      lib/sha1.o
  CC      lib/sha256.o
  CC      lib/gunzip.o
  CC      lib/fdtdec.o
  CC      lib/qsort.o
  CC      lib/hashtable.o
  CC      lib/errno.o
  CC      lib/display_options.o
  CC      lib/crc32.o
  CC      lib/ctype.o
  CC      lib/div64.o
  CC      lib/hang.o
  CC      lib/linux_compat.o
  CC      lib/linux_string.o
  CC      lib/lmb.o
  CC      lib/membuff.o
  CC      lib/slre.o
  CC      lib/string.o
  CC      lib/tables_csum.o
  CC      lib/time.o
  CC      lib/hexdump.o
  CC      lib/uuid.o
  CC      lib/panic.o
  CC      lib/vsprintf.o
  CC      lib/strto.o
  CC      lib/date.o
  LD      lib/built-in.o
  CC      net/checksum.o
  CC      net/arp.o
  CC      net/bootp.o
  CC      net/eth_legacy.o
  CC      net/eth_common.o
  CC      net/net.o
  CC      net/nfs.o
  CC      net/ping.o
  CC      net/tftp.o
  LD      net/built-in.o
  HOSTCC  board/hardkernel/odroid-c2/fip_create/fip_create.o
  HOSTLD  board/hardkernel/odroid-c2/fip_create/fip_create
  HOSTCC  board/hardkernel/odroid-c2/meson-tools/amlbootsig.o
board/hardkernel/odroid-c2/meson-tools/amlbootsig.c: In function 'do_fip':
board/hardkernel/odroid-c2/meson-tools/amlbootsig.c:110:17: warning: 'SHA256_Init' is deprecated: Since OpenSSL 3.0 [-Wdeprecated-declarations]
  110 |                 SHA256_Init(&sha256_ctx);
      |                 ^~~~~~~~~~~
In file included from board/hardkernel/odroid-c2/meson-tools/amlbootsig.c:15:
/usr/include/openssl/sha.h:73:27: note: declared here
   73 | OSSL_DEPRECATEDIN_3_0 int SHA256_Init(SHA256_CTX *c);
      |                           ^~~~~~~~~~~
board/hardkernel/odroid-c2/meson-tools/amlbootsig.c:111:17: warning: 'SHA256_Update' is deprecated: Since OpenSSL 3.0 [-Wdeprecated-declarations]
  111 |                 SHA256_Update(&sha256_ctx, buf, fip_hdr.header_size);
      |                 ^~~~~~~~~~~~~
/usr/include/openssl/sha.h:74:27: note: declared here
   74 | OSSL_DEPRECATEDIN_3_0 int SHA256_Update(SHA256_CTX *c,
      |                           ^~~~~~~~~~~~~
board/hardkernel/odroid-c2/meson-tools/amlbootsig.c:112:17: warning: 'SHA256_Update' is deprecated: Since OpenSSL 3.0 [-Wdeprecated-declarations]
  112 |                 SHA256_Update(&sha256_ctx, buf + fip_hdr.data_offset, 0);
      |                 ^~~~~~~~~~~~~
/usr/include/openssl/sha.h:74:27: note: declared here
   74 | OSSL_DEPRECATEDIN_3_0 int SHA256_Update(SHA256_CTX *c,
      |                           ^~~~~~~~~~~~~
board/hardkernel/odroid-c2/meson-tools/amlbootsig.c:119:17: warning: 'SHA256_Update' is deprecated: Since OpenSSL 3.0 [-Wdeprecated-declarations]
  119 |                 SHA256_Update(&sha256_ctx, buf, len);
      |                 ^~~~~~~~~~~~~
/usr/include/openssl/sha.h:74:27: note: declared here
   74 | OSSL_DEPRECATEDIN_3_0 int SHA256_Update(SHA256_CTX *c,
      |                           ^~~~~~~~~~~~~
board/hardkernel/odroid-c2/meson-tools/amlbootsig.c:125:25: warning: 'SHA256_Update' is deprecated: Since OpenSSL 3.0 [-Wdeprecated-declarations]
  125 |                         SHA256_Update(&sha256_ctx, buf, ROUND_UP(len, 16));
      |                         ^~~~~~~~~~~~~
/usr/include/openssl/sha.h:74:27: note: declared here
   74 | OSSL_DEPRECATEDIN_3_0 int SHA256_Update(SHA256_CTX *c,
      |                           ^~~~~~~~~~~~~
board/hardkernel/odroid-c2/meson-tools/amlbootsig.c:128:17: warning: 'SHA256_Final' is deprecated: Since OpenSSL 3.0 [-Wdeprecated-declarations]
  128 |                 SHA256_Final(sha256_digest, &sha256_ctx);
      |                 ^~~~~~~~~~~~
/usr/include/openssl/sha.h:76:27: note: declared here
   76 | OSSL_DEPRECATEDIN_3_0 int SHA256_Final(unsigned char *md, SHA256_CTX *c);
      |                           ^~~~~~~~~~~~
board/hardkernel/odroid-c2/meson-tools/amlbootsig.c: In function 'boot_sig':
board/hardkernel/odroid-c2/meson-tools/amlbootsig.c:235:9: warning: 'SHA256_Init' is deprecated: Since OpenSSL 3.0 [-Wdeprecated-declarations]
  235 |         SHA256_Init(&sha256_ctx);
      |         ^~~~~~~~~~~
/usr/include/openssl/sha.h:73:27: note: declared here
   73 | OSSL_DEPRECATEDIN_3_0 int SHA256_Init(SHA256_CTX *c);
      |                           ^~~~~~~~~~~
board/hardkernel/odroid-c2/meson-tools/amlbootsig.c:236:9: warning: 'SHA256_Update' is deprecated: Since OpenSSL 3.0 [-Wdeprecated-declarations]
  236 |         SHA256_Update(&sha256_ctx, buf, hdr.header_size);
      |         ^~~~~~~~~~~~~
/usr/include/openssl/sha.h:74:27: note: declared here
   74 | OSSL_DEPRECATEDIN_3_0 int SHA256_Update(SHA256_CTX *c,
      |                           ^~~~~~~~~~~~~
board/hardkernel/odroid-c2/meson-tools/amlbootsig.c:237:9: warning: 'SHA256_Update' is deprecated: Since OpenSSL 3.0 [-Wdeprecated-declarations]
  237 |         SHA256_Update(&sha256_ctx, buf + hdr.data_offset, hdr._offset2);
      |         ^~~~~~~~~~~~~
/usr/include/openssl/sha.h:74:27: note: declared here
   74 | OSSL_DEPRECATEDIN_3_0 int SHA256_Update(SHA256_CTX *c,
      |                           ^~~~~~~~~~~~~
board/hardkernel/odroid-c2/meson-tools/amlbootsig.c:239:9: warning: 'SHA256_Final' is deprecated: Since OpenSSL 3.0 [-Wdeprecated-declarations]
  239 |         SHA256_Final(sha256_digest, &sha256_ctx);
      |         ^~~~~~~~~~~~
/usr/include/openssl/sha.h:76:27: note: declared here
   76 | OSSL_DEPRECATEDIN_3_0 int SHA256_Final(unsigned char *md, SHA256_CTX *c);
      |                           ^~~~~~~~~~~~
  HOSTLD  board/hardkernel/odroid-c2/meson-tools/amlbootsig
  HOSTCC  board/hardkernel/odroid-c2/meson-tools/unamlbootsig.o
board/hardkernel/odroid-c2/meson-tools/unamlbootsig.c: In function 'extract':
board/hardkernel/odroid-c2/meson-tools/unamlbootsig.c:49:32: warning: format '%llx' expects argument of type 'long long unsigned int', but argument 2 has type 'long int' [-Wformat=]
   49 |                         printf("FIP header @ 0x%" PRIx64 " (flags 0x%" PRIx64 ")\n", pos, fip_hdr->flags);
      |                                ^~~~~~~~~~~~~~~~~~                                    ~~~
      |                                                                                      |
      |                                                                                      long int
In file included from board/hardkernel/odroid-c2/meson-tools/unamlbootsig.c:7:
/usr/include/inttypes.h:121:41: note: format string is defined here
  121 | # define PRIx64         __PRI64_PREFIX "x"
board/hardkernel/odroid-c2/meson-tools/unamlbootsig.c:112:24: warning: format '%llx' expects argument of type 'long long unsigned int', but argument 2 has type 'long int' [-Wformat=]
  112 |                 printf("@AML header @ 0x%" PRIx64 "\n", pos);
      |                        ^~~~~~~~~~~~~~~~~~~              ~~~
      |                                                         |
      |                                                         long int
/usr/include/inttypes.h:121:41: note: format string is defined here
  121 | # define PRIx64         __PRI64_PREFIX "x"
  HOSTLD  board/hardkernel/odroid-c2/meson-tools/unamlbootsig
  HOSTCC  board/hardkernel/odroid-c2/meson-tools/amlinfo.o
board/hardkernel/odroid-c2/meson-tools/amlinfo.c: In function 'info':
board/hardkernel/odroid-c2/meson-tools/amlinfo.c:62:32: warning: format '%llx' expects argument of type 'long long unsigned int', but argument 2 has type 'long int' [-Wformat=]
   62 |                         printf("FIP header @ 0x%" PRIx64 " (flags 0x%" PRIx64 ")\n", pos, fip_hdr->flags);
      |                                ^~~~~~~~~~~~~~~~~~                                    ~~~
      |                                                                                      |
      |                                                                                      long int
In file included from board/hardkernel/odroid-c2/meson-tools/amlinfo.c:7:
/usr/include/inttypes.h:121:41: note: format string is defined here
  121 | # define PRIx64         __PRI64_PREFIX "x"
board/hardkernel/odroid-c2/meson-tools/amlinfo.c:86:24: warning: format '%llx' expects argument of type 'long long unsigned int', but argument 2 has type 'long int' [-Wformat=]
   86 |                 printf("@AML header @ 0x%" PRIx64 "\n", pos);
      |                        ^~~~~~~~~~~~~~~~~~~              ~~~
      |                                                         |
      |                                                         long int
/usr/include/inttypes.h:121:41: note: format string is defined here
  121 | # define PRIx64         __PRI64_PREFIX "x"
  HOSTLD  board/hardkernel/odroid-c2/meson-tools/amlinfo
  CC      examples/standalone/hello_world.o
  CC      examples/standalone/stubs.o
  LD      examples/standalone/libstubs.o
  LD      examples/standalone/hello_world
  CC      examples/standalone/smc911x_eeprom.o
  LD      examples/standalone/smc911x_eeprom
  OBJCOPY examples/standalone/hello_world.srec
  OBJCOPY examples/standalone/smc911x_eeprom.srec
  OBJCOPY examples/standalone/hello_world.bin
  OBJCOPY examples/standalone/smc911x_eeprom.bin
  LDS     u-boot.lds
  LD      u-boot
  OBJCOPY u-boot.srec
  OBJCOPY u-boot-nodtb.bin
  DTC     arch/arm/dts/exynos5250-arndale.dtb
  DTC     arch/arm/dts/exynos5250-snow.dtb
  DTC     arch/arm/dts/exynos5250-spring.dtb
  DTC     arch/arm/dts/exynos5250-smdk5250.dtb
  DTC     arch/arm/dts/exynos5420-smdk5420.dtb
  DTC     arch/arm/dts/exynos5420-peach-pit.dtb
  DTC     arch/arm/dts/exynos5800-peach-pi.dtb
  DTC     arch/arm/dts/exynos5422-odroidxu3.dtb
  SHIPPED dts/dt.dtb
  FDTGREP dts/dt-spl.dtb
  CAT     u-boot-dtb.bin
  COPY    u-boot.bin
  SYM     u-boot.sym
  COPY    u-boot.dtb
===================== WARNING ======================
This board does not use CONFIG_DM_ETH (Driver Model
for Ethernet drivers). Please update the board to use
CONFIG_DM_ETH before the v2020.07 release. Failure to
update by the deadline may result in board removal.
See doc/driver-model/migration.rst for more info.
====================================================
  CFGCHK  u-boot.cfg
